app/build/intermediates/manifest_merge_blame_file/debug/manifest-merger-blame-debug-report.txt
1<?xml version="1.0" encoding="utf-8"?>
2<manifest xmlns:android="http://schemas.android.com/apk/res/android"
3    package="com.example.todolist"
4    android:versionCode="1"
5    android:versionName="1.0" >
6
7    <uses-sdk
8        android:minSdkVersion="24"
8-->src\main\AndroidManifest.xml
9        android:targetSdkVersion="33" />
9-->src\main\AndroidManifest.xml
10
11    <queries>
11-->[com.android.car.ui:car-ui-lib:2.0.0] AndroidManifest.xml:26:5-31:15
12        <provider
12-->[com.android.car.ui:car-ui-lib:2.0.0] AndroidManifest.xml:27:9-30:67
13            android:name="com.android.car.ui.plugin.PluginNameProvider"
13-->[com.android.car.ui:car-ui-lib:2.0.0] AndroidManifest.xml:28:13-72
14            android:authorities="com.android.car.ui.plugin" />
14-->[com.android.car.ui:car-ui-lib:2.0.0] AndroidManifest.xml:29:13-60
15    </queries>
16
17    <permission
17-->[androidx.core:core:1.10.0] AndroidManifest.xml:22:5-24:47
18        android:name="com.example.todolist.DYNAMIC_RECEIVER_NOT_EXPORTED_PERMISSION"
18-->[androidx.core:core:1.10.0] AndroidManifest.xml:23:9-81
19        android:protectionLevel="signature" />
19-->[androidx.core:core:1.10.0] AndroidManifest.xml:24:9-44
20
21    <uses-permission android:name="com.example.todolist.DYNAMIC_RECEIVER_NOT_EXPORTED_PERMISSION" />
21-->[androidx.core:core:1.10.0] AndroidManifest.xml:26:5-97
21-->[androidx.core:core:1.10.0] AndroidManifest.xml:26:22-94
22
23    <application
23-->src\main\AndroidManifest.xml:5:5-32:19
24        android:allowBackup="true"
24-->src\main\AndroidManifest.xml:6:9-35
25        android:appComponentFactory="androidx.core.app.CoreComponentFactory"
25-->[androidx.core:core:1.10.0] AndroidManifest.xml:28:18-86
26        android:dataExtractionRules="@xml/data_extraction_rules"
26-->src\main\AndroidManifest.xml:7:9-65
27        android:debuggable="true"
28        android:extractNativeLibs="false"
29        android:fullBackupContent="@xml/backup_rules"
29-->src\main\AndroidManifest.xml:8:9-54
30        android:icon="@mipmap/ic_launcher"
30-->src\main\AndroidManifest.xml:9:9-43
31        android:label="@string/app_name"
31-->src\main\AndroidManifest.xml:10:9-41
32        android:roundIcon="@mipmap/ic_launcher_round"
32-->src\main\AndroidManifest.xml:11:9-54
33        android:supportsRtl="true"
33-->src\main\AndroidManifest.xml:12:9-35
34        android:testOnly="true"
35        android:theme="@style/Theme.ToDoList" >
35-->src\main\AndroidManifest.xml:13:9-46
36        <activity
36-->src\main\AndroidManifest.xml:15:9-17:40
37            android:name="com.example.todolist.Menu"
37-->src\main\AndroidManifest.xml:16:13-33
38            android:exported="false" />
38-->src\main\AndroidManifest.xml:17:13-37
39        <activity
39-->src\main\AndroidManifest.xml:18:9-22:53
40            android:name="com.example.todolist.ui.theme.NoteActivity"
40-->src\main\AndroidManifest.xml:19:13-50
41            android:exported="false"
41-->src\main\AndroidManifest.xml:20:13-37
42            android:label="@string/title_activity_note"
42-->src\main\AndroidManifest.xml:21:13-56
43            android:theme="@style/Theme.ToDoList" />
43-->src\main\AndroidManifest.xml:22:13-50
44        <activity
44-->src\main\AndroidManifest.xml:23:9-31:20
45            android:name="com.example.todolist.MainActivity"
45-->src\main\AndroidManifest.xml:24:13-41
46            android:exported="true" >
46-->src\main\AndroidManifest.xml:25:13-36
47            <intent-filter>
47-->src\main\AndroidManifest.xml:26:13-30:29
48                <action android:name="android.intent.action.MAIN" />
48-->src\main\AndroidManifest.xml:27:17-69
48-->src\main\AndroidManifest.xml:27:25-66
49
50                <category android:name="android.intent.category.LAUNCHER" />
50-->src\main\AndroidManifest.xml:29:17-77
50-->src\main\AndroidManifest.xml:29:27-74
51            </intent-filter>
52        </activity>
53
54        <provider
54-->[com.android.car.ui:car-ui-lib:2.0.0] AndroidManifest.xml:34:9-39:71
55            android:name="com.android.car.ui.core.CarUiInstaller"
55-->[com.android.car.ui:car-ui-lib:2.0.0] AndroidManifest.xml:35:13-66
56            android:authorities="com.example.todolist.CarUiInstaller"
56-->[com.android.car.ui:car-ui-lib:2.0.0] AndroidManifest.xml:36:13-66
57            android:directBootAware="true"
57-->[com.android.car.ui:car-ui-lib:2.0.0] AndroidManifest.xml:37:13-43
58            android:exported="false"
58-->[com.android.car.ui:car-ui-lib:2.0.0] AndroidManifest.xml:38:13-37
59            android:process="@string/car_ui_installer_process_name" />
59-->[com.android.car.ui:car-ui-lib:2.0.0] AndroidManifest.xml:39:13-68
60        <provider
60-->[com.android.car.ui:car-ui-lib:2.0.0] AndroidManifest.xml:40:9-45:79
61            android:name="com.android.car.ui.core.SearchResultsProvider"
61-->[com.android.car.ui:car-ui-lib:2.0.0] AndroidManifest.xml:41:13-73
62            android:authorities="com.example.todolist.SearchResultsProvider"
62-->[com.android.car.ui:car-ui-lib:2.0.0] AndroidManifest.xml:42:13-73
63            android:exported="true"
63-->[com.android.car.ui:car-ui-lib:2.0.0] AndroidManifest.xml:43:13-36
64            android:process="@string/car_ui_installer_process_name"
64-->[com.android.car.ui:car-ui-lib:2.0.0] AndroidManifest.xml:44:13-68
65            android:readPermission="com.android.car.ui.READ_SEARCH_RESULTS" />
65-->[com.android.car.ui:car-ui-lib:2.0.0] AndroidManifest.xml:45:13-76
66
67        <activity
67-->[androidx.compose.ui:ui-tooling:1.3.0] AndroidManifest.xml:23:9-25:39
68            android:name="androidx.compose.ui.tooling.PreviewActivity"
68-->[androidx.compose.ui:ui-tooling:1.3.0] AndroidManifest.xml:24:13-71
69            android:exported="true" />
69-->[androidx.compose.ui:ui-tooling:1.3.0] AndroidManifest.xml:25:13-36
70        <activity
70-->[androidx.compose.ui:ui-test-manifest:1.3.0] AndroidManifest.xml:23:9-25:39
71            android:name="androidx.activity.ComponentActivity"
71-->[androidx.compose.ui:ui-test-manifest:1.3.0] AndroidManifest.xml:24:13-63
72            android:exported="true" />
72-->[androidx.compose.ui:ui-test-manifest:1.3.0] AndroidManifest.xml:25:13-36
73
74        <provider
74-->[androidx.emoji2:emoji2:1.2.0] AndroidManifest.xml:24:9-32:20
75            android:name="androidx.startup.InitializationProvider"
75-->[androidx.emoji2:emoji2:1.2.0] AndroidManifest.xml:25:13-67
76            android:authorities="com.example.todolist.androidx-startup"
76-->[androidx.emoji2:emoji2:1.2.0] AndroidManifest.xml:26:13-68
77            android:exported="false" >
77-->[androidx.emoji2:emoji2:1.2.0] AndroidManifest.xml:27:13-37
78            <meta-data
78-->[androidx.emoji2:emoji2:1.2.0] AndroidManifest.xml:29:13-31:52
79                android:name="androidx.emoji2.text.EmojiCompatInitializer"
79-->[androidx.emoji2:emoji2:1.2.0] AndroidManifest.xml:30:17-75
80                android:value="androidx.startup" />
80-->[androidx.emoji2:emoji2:1.2.0] AndroidManifest.xml:31:17-49
81            <meta-data
81-->[androidx.lifecycle:lifecycle-process:2.6.1] AndroidManifest.xml:29:13-31:52
82                android:name="androidx.lifecycle.ProcessLifecycleInitializer"
82-->[androidx.lifecycle:lifecycle-process:2.6.1] AndroidManifest.xml:30:17-78
83                android:value="androidx.startup" />
83-->[androidx.lifecycle:lifecycle-process:2.6.1] AndroidManifest.xml:31:17-49
84            <meta-data
84-->[androidx.profileinstaller:profileinstaller:1.3.0] AndroidManifest.xml:29:13-31:52
85                android:name="androidx.profileinstaller.ProfileInstallerInitializer"
85-->[androidx.profileinstaller:profileinstaller:1.3.0] AndroidManifest.xml:30:17-85
86                android:value="androidx.startup" />
86-->[androidx.profileinstaller:profileinstaller:1.3.0] AndroidManifest.xml:31:17-49
87        </provider>
88
89        <service
89-->[androidx.room:room-runtime:2.5.1] AndroidManifest.xml:24:9-28:63
90            android:name="androidx.room.MultiInstanceInvalidationService"
90-->[androidx.room:room-runtime:2.5.1] AndroidManifest.xml:25:13-74
91            android:directBootAware="true"
91-->[androidx.room:room-runtime:2.5.1] AndroidManifest.xml:26:13-43
92            android:exported="false" />
92-->[androidx.room:room-runtime:2.5.1] AndroidManifest.xml:27:13-37
93
94        <receiver
94-->[androidx.profileinstaller:profileinstaller:1.3.0] AndroidManifest.xml:34:9-52:20
95            android:name="androidx.profileinstaller.ProfileInstallReceiver"
95-->[androidx.profileinstaller:profileinstaller:1.3.0] AndroidManifest.xml:35:13-76
96            android:directBootAware="false"
96-->[androidx.profileinstaller:profileinstaller:1.3.0] AndroidManifest.xml:36:13-44
97            android:enabled="true"
97-->[androidx.profileinstaller:profileinstaller:1.3.0] AndroidManifest.xml:37:13-35
98            android:exported="true"
98-->[androidx.profileinstaller:profileinstaller:1.3.0] AndroidManifest.xml:38:13-36
99            android:permission="android.permission.DUMP" >
99-->[androidx.profileinstaller:profileinstaller:1.3.0] AndroidManifest.xml:39:13-57
100            <intent-filter>
100-->[androidx.profileinstaller:profileinstaller:1.3.0] AndroidManifest.xml:40:13-42:29
101                <action android:name="androidx.profileinstaller.action.INSTALL_PROFILE" />
101-->[androidx.profileinstaller:profileinstaller:1.3.0] AndroidManifest.xml:41:17-91
101-->[androidx.profileinstaller:profileinstaller:1.3.0] AndroidManifest.xml:41:25-88
102            </intent-filter>
103            <intent-filter>
103-->[androidx.profileinstaller:profileinstaller:1.3.0] AndroidManifest.xml:43:13-45:29
104                <action android:name="androidx.profileinstaller.action.SKIP_FILE" />
104-->[androidx.profileinstaller:profileinstaller:1.3.0] AndroidManifest.xml:44:17-85
104-->[androidx.profileinstaller:profileinstaller:1.3.0] AndroidManifest.xml:44:25-82
105            </intent-filter>
106            <intent-filter>
106-->[androidx.profileinstaller:profileinstaller:1.3.0] AndroidManifest.xml:46:13-48:29
107                <action android:name="androidx.profileinstaller.action.SAVE_PROFILE" />
107-->[androidx.profileinstaller:profileinstaller:1.3.0] AndroidManifest.xml:47:17-88
107-->[androidx.profileinstaller:profileinstaller:1.3.0] AndroidManifest.xml:47:25-85
108            </intent-filter>
109            <intent-filter>
109-->[androidx.profileinstaller:profileinstaller:1.3.0] AndroidManifest.xml:49:13-51:29
110                <action android:name="androidx.profileinstaller.action.BENCHMARK_OPERATION" />
110-->[androidx.profileinstaller:profileinstaller:1.3.0] AndroidManifest.xml:50:17-95
110-->[androidx.profileinstaller:profileinstaller:1.3.0] AndroidManifest.xml:50:25-92
111            </intent-filter>
112        </receiver>
113    </application>
114
115</manifest>